<?xml version="1.0" encoding="UTF-8"?>
<!-- Generated by org.testng.reporters.JUnitReportReporter -->
<testsuite hostname="CDWILT004" failures="0" tests="4" name="backend.LogoutBO" time="9.818" errors="0" timestamp="2022-07-29T14:55:37 SGT" skipped="0">
  <testcase classname="backend.LogoutBO" name="open_Website_BO" time="0.773"/>
  <system-out/>
  <testcase classname="backend.LogoutBO" name="login_Fill_In_Details_BO" time="2.881"/>
  <system-out/>
  <testcase classname="backend.LogoutBO" name="verify_Login_BO" time="3.090"/>
  <system-out/>
  <testcase classname="backend.LogoutBO" name="click_Logout_Button_BO" time="3.074"/>
  <system-out/>
</testsuite> <!-- backend.LogoutBO -->
