<?xml version="1.0" encoding="UTF-8"?>
<!-- Generated by org.testng.reporters.JUnitReportReporter -->
<testsuite hostname="CDWILT004" failures="0" tests="1" name="backend.OpenSiteBO" time="0.762" errors="0" timestamp="2022-07-29T14:49:21 SGT" skipped="0">
  <testcase classname="backend.OpenSiteBO" name="open_Website_BO" time="0.762"/>
  <system-out/>
</testsuite> <!-- backend.OpenSiteBO -->
