<?xml version="1.0" encoding="UTF-8"?>
<!-- Generated by org.testng.reporters.JUnitReportReporter -->
<testsuite hostname="CDWILT004" failures="0" tests="4" name="backend.LogoutBO" time="5.972" errors="0" timestamp="2022-07-29T10:54:59 SGT" skipped="0">
  <testcase classname="backend.LogoutBO" name="openWebsiteBO" time="0.799"/>
  <system-out/>
  <testcase classname="backend.LogoutBO" name="loginFillInDetailsBO" time="2.926"/>
  <system-out/>
  <testcase classname="backend.LogoutBO" name="verifyLoginBO" time="1.160"/>
  <system-out/>
  <testcase classname="backend.LogoutBO" name="clickLogoutButtonBO" time="1.087"/>
  <system-out/>
</testsuite> <!-- backend.LogoutBO -->
