<?xml version="1.0" encoding="UTF-8"?>
<!-- Generated by org.testng.reporters.JUnitReportReporter -->
<testsuite hostname="CDWILT004" failures="0" tests="3" name="backend.LoginBO" time="4.836" errors="0" timestamp="2022-07-29T10:49:44 SGT" skipped="0">
  <testcase classname="backend.LoginBO" name="openWebsiteBO" time="0.791"/>
  <system-out/>
  <testcase classname="backend.LoginBO" name="loginFillInDetails" time="2.940"/>
  <system-out/>
  <testcase classname="backend.LoginBO" name="verifyLogin" time="1.105"/>
  <system-out/>
</testsuite> <!-- backend.LoginBO -->
