<?xml version="1.0" encoding="UTF-8"?>
<!-- Generated by org.testng.reporters.JUnitReportReporter -->
<testsuite hostname="CDWILT004" failures="0" tests="6" name="frontend.Login" time="9.000" errors="0" timestamp="2022-07-29T14:55:37 SGT" skipped="0">
  <testcase classname="frontend.Login" name="open_Website" time="0.792"/>
  <system-out/>
  <testcase classname="frontend.Login" name="close_Announcement" time="0.000"/>
  <system-out/>
  <testcase classname="frontend.Login" name="click_Login_Option" time="1.111"/>
  <system-out/>
  <testcase classname="frontend.Login" name="login_Pop_Up_Fill_In_Details" time="1.925"/>
  <system-out/>
  <testcase classname="frontend.Login" name="click_Login_Button" time="1.074"/>
  <system-out/>
  <testcase classname="frontend.Login" name="verify_Login" time="4.098"/>
  <system-out/>
</testsuite> <!-- frontend.Login -->
