<?xml version="1.0" encoding="UTF-8"?>
<!-- Generated by org.testng.reporters.JUnitReportReporter -->
<testsuite hostname="CDWILT004" failures="0" tests="3" name="backend.LoginBO" time="6.817" errors="0" timestamp="2022-07-29T14:55:37 SGT" skipped="0">
  <testcase classname="backend.LoginBO" name="open_Website_BO" time="0.762"/>
  <system-out/>
  <testcase classname="backend.LoginBO" name="login_Fill_In_Details_BO" time="2.885"/>
  <system-out/>
  <testcase classname="backend.LoginBO" name="verify_Login_BO" time="3.170"/>
  <system-out/>
</testsuite> <!-- backend.LoginBO -->
