<?xml version="1.0" encoding="UTF-8"?>
<!-- Generated by org.testng.reporters.JUnitReportReporter -->
<testsuite hostname="DESKTOP-7UGQK8A" failures="0" tests="6" name="frontend.Login" time="8.446" errors="0" timestamp="2022-07-28T21:47:53 SGT" skipped="0">
  <testcase classname="frontend.Login" name="openWebsite" time="0.770"/>
  <system-out/>
  <testcase classname="frontend.Login" name="closeAnnouncement" time="0.002"/>
  <system-out/>
  <testcase classname="frontend.Login" name="clickLoginOption" time="0.821"/>
  <system-out/>
  <testcase classname="frontend.Login" name="loginPopUpFillInDetails" time="1.773"/>
  <system-out/>
  <testcase classname="frontend.Login" name="clickLoginButton" time="1.051"/>
  <system-out/>
  <testcase classname="frontend.Login" name="verifyLogin" time="4.029"/>
  <system-out/>
</testsuite> <!-- frontend.Login -->
