<?xml version="1.0" encoding="UTF-8"?>
<!-- Generated by org.testng.reporters.JUnitReportReporter -->
<testsuite hostname="CDWILT004" failures="0" tests="7" name="frontend.OfflineDeposit" time="15.492" errors="0" timestamp="2022-07-29T15:49:06 SGT" skipped="0">
  <testcase classname="frontend.OfflineDeposit" name="open_Website" time="0.791"/>
  <system-out/>
  <testcase classname="frontend.OfflineDeposit" name="close_Announcement" time="0.001"/>
  <system-out/>
  <testcase classname="frontend.OfflineDeposit" name="click_Login_Option" time="1.108"/>
  <system-out/>
  <testcase classname="frontend.OfflineDeposit" name="login_Pop_Up_Fill_In_Details" time="1.961"/>
  <system-out/>
  <testcase classname="frontend.OfflineDeposit" name="click_Login_Button" time="1.083"/>
  <system-out/>
  <testcase classname="frontend.OfflineDeposit" name="verify_Login" time="3.515"/>
  <system-out/>
  <testcase classname="frontend.OfflineDeposit" name="click_Deposit_Option" time="7.033"/>
  <system-out/>
</testsuite> <!-- frontend.OfflineDeposit -->
