<?xml version="1.0" encoding="UTF-8"?>
<!-- Generated by org.testng.reporters.JUnitReportReporter -->
<testsuite hostname="CDWILT004" failures="0" tests="6" name="frontend.Login" time="4.664" errors="0" timestamp="2022-07-28T18:13:20 SGT" skipped="0">
  <testcase classname="frontend.Login" name="openWebsite" time="0.790"/>
  <system-out/>
  <testcase classname="frontend.Login" name="closeAnnouncement" time="0.001"/>
  <system-out/>
  <testcase classname="frontend.Login" name="clickLoginOption" time="0.862"/>
  <system-out/>
  <testcase classname="frontend.Login" name="loginPopUpFillInDetails" time="1.914"/>
  <system-out/>
  <testcase classname="frontend.Login" name="clickLoginButton" time="1.092"/>
  <system-out/>
  <testcase classname="frontend.Login" name="verifyLogin" time="0.005"/>
  <system-out/>
</testsuite> <!-- frontend.Login -->
