<?xml version="1.0" encoding="UTF-8"?>
<!-- Generated by org.testng.reporters.JUnitReportReporter -->
<testsuite hostname="CDWILT004" failures="0" tests="3" name="frontend.Register" time="1.652" errors="0" timestamp="2022-07-29T10:17:39 SGT" skipped="0">
  <testcase classname="frontend.Register" name="openWebsite" time="0.784"/>
  <system-out/>
  <testcase classname="frontend.Register" name="closeAnnouncement" time="0.003"/>
  <system-out/>
  <testcase classname="frontend.Register" name="clickRegisterOption" time="0.865"/>
  <system-out/>
</testsuite> <!-- frontend.Register -->
