<?xml version="1.0" encoding="UTF-8"?>
<!-- Generated by org.testng.reporters.JUnitReportReporter -->
<testsuite hostname="DESKTOP-7UGQK8A" failures="0" tests="1" name="frontend.OpenSite" time="0.779" errors="0" timestamp="2022-07-28T21:02:20 SGT" skipped="0">
  <testcase classname="frontend.OpenSite" name="openWebsite" time="0.779"/>
  <system-out/>
</testsuite> <!-- frontend.OpenSite -->
