<?xml version="1.0" encoding="UTF-8"?>
<!-- Generated by org.testng.reporters.JUnitReportReporter -->
<testsuite hostname="CDWILT004" failures="0" tests="5" name="frontend.Register" time="14.361" errors="0" timestamp="2022-07-29T14:55:37 SGT" skipped="0">
  <testcase classname="frontend.Register" name="open_Website" time="0.766"/>
  <system-out/>
  <testcase classname="frontend.Register" name="close_Announcement" time="0.000"/>
  <system-out/>
  <testcase classname="frontend.Register" name="register_Fill_In_Details" time="8.473"/>
  <system-out/>
  <testcase classname="frontend.Register" name="click_Register_Option" time="1.088"/>
  <system-out/>
  <testcase classname="frontend.Register" name="verify_Register" time="4.034"/>
  <system-out/>
</testsuite> <!-- frontend.Register -->
