<?xml version="1.0" encoding="UTF-8"?>
<!-- Generated by org.testng.reporters.JUnitReportReporter -->
<testsuite hostname="CDWILT004" failures="0" tests="5" name="backend.SelectMemberBO" time="12.201" errors="0" timestamp="2022-07-29T14:55:37 SGT" skipped="0">
  <testcase classname="backend.SelectMemberBO" name="open_Website_BO" time="0.763"/>
  <system-out/>
  <testcase classname="backend.SelectMemberBO" name="login_Fill_In_Details_BO" time="2.870"/>
  <system-out/>
  <testcase classname="backend.SelectMemberBO" name="select_Member_Module_BO" time="2.238"/>
  <system-out/>
  <testcase classname="backend.SelectMemberBO" name="select_Filtered_Member" time="3.253"/>
  <system-out/>
  <testcase classname="backend.SelectMemberBO" name="select_Member" time="3.077"/>
  <system-out/>
</testsuite> <!-- backend.SelectMemberBO -->
