<?xml version="1.0" encoding="UTF-8"?>
<!-- Generated by org.testng.reporters.JUnitReportReporter -->
<testsuite hostname="CDWILT004" failures="0" tests="1" name="backend.OpenSiteBO" time="0.797" errors="0" timestamp="2022-07-29T10:30:21 SGT" skipped="0">
  <testcase classname="backend.OpenSiteBO" name="openWebsite" time="0.797"/>
  <system-out/>
</testsuite> <!-- backend.OpenSiteBO -->
