<?xml version="1.0" encoding="UTF-8"?>
<!-- Generated by org.testng.reporters.JUnitReportReporter -->
<testsuite hostname="CDWILT004" failures="0" tests="1" name="frontend.OpenSite" time="0.799" errors="0" timestamp="2022-07-29T14:49:21 SGT" skipped="0">
  <testcase classname="frontend.OpenSite" name="open_Website" time="0.799"/>
  <system-out/>
</testsuite> <!-- frontend.OpenSite -->
