<?xml version="1.0" encoding="UTF-8"?>
<!-- Generated by org.testng.reporters.JUnitReportReporter -->
<testsuite hostname="CDWILT004" failures="0" tests="1" name="pack001.OpenSite" time="6.511" errors="0" timestamp="2022-07-28T14:41:58 SGT" skipped="0">
  <testcase classname="pack001.OpenSite" name="openWebsite" time="6.511"/>
  <system-out/>
</testsuite> <!-- pack001.OpenSite -->
