<?xml version="1.0" encoding="UTF-8"?>
<!-- Generated by org.testng.reporters.JUnitReportReporter -->
<testsuite hostname="CDWILT004" failures="0" tests="7" name="frontend.Logout" time="11.461" errors="0" timestamp="2022-07-29T14:55:37 SGT" skipped="0">
  <testcase classname="frontend.Logout" name="open_Website" time="0.763"/>
  <system-out/>
  <testcase classname="frontend.Logout" name="close_Announcement" time="0.002"/>
  <system-out/>
  <testcase classname="frontend.Logout" name="click_Login_Option" time="1.084"/>
  <system-out/>
  <testcase classname="frontend.Logout" name="login_Pop_Up_Fill_In_Details" time="1.911"/>
  <system-out/>
  <testcase classname="frontend.Logout" name="click_Login_Button" time="1.086"/>
  <system-out/>
  <testcase classname="frontend.Logout" name="verify_Login" time="3.539"/>
  <system-out/>
  <testcase classname="frontend.Logout" name="click_Logout_Button" time="3.076"/>
  <system-out/>
</testsuite> <!-- frontend.Logout -->
