<?xml version="1.0" encoding="UTF-8"?>
<!-- Generated by org.testng.reporters.JUnitReportReporter -->
<testsuite hostname="DESKTOP-7UGQK8A" failures="0" tests="7" name="frontend.Logout" time="10.838" errors="0" timestamp="2022-07-28T21:48:38 SGT" skipped="0">
  <testcase classname="frontend.Logout" name="openWebsite" time="0.775"/>
  <system-out/>
  <testcase classname="frontend.Logout" name="closeAnnouncement" time="0.002"/>
  <system-out/>
  <testcase classname="frontend.Logout" name="clickLoginOption" time="0.823"/>
  <system-out/>
  <testcase classname="frontend.Logout" name="loginPopUpFillInDetails" time="1.753"/>
  <system-out/>
  <testcase classname="frontend.Logout" name="clickLoginButton" time="1.048"/>
  <system-out/>
  <testcase classname="frontend.Logout" name="verifyLogin" time="3.800"/>
  <system-out/>
  <testcase classname="frontend.Logout" name="clickLogoutButton" time="2.637"/>
  <system-out/>
</testsuite> <!-- frontend.Logout -->
